<?xml version="1.0" encoding="UTF-8"?>
<robot generator="Robot 3.2.2 (Python 3.9.2 on win32)" generated="20210326 10:06:31.782" rpa="false">
<suite id="s1" name="Invalid Login Tests" source="C:\SANAT\Learning\Robot_workspace\OpenEMRApplication\LoginSuite\invalid_login_tests.robot">
<test id="s1-t1" name="TC01_InValid_credential">
<kw name="Launch_Browser" library="common_functionality" type="setup">
<kw name="Append To Environment Variable" library="OperatingSystem">
<doc>Appends given ``values`` to environment variable ``name``.</doc>
<arguments>
<arg>PATH</arg>
<arg>${EXECDIR}${/}driver</arg>
</arguments>
<msg timestamp="20210326 10:06:32.173" level="INFO">Environment variable 'PATH' set to value 'C:\Python39;C:\Python39\Scripts;C:\Program Files\Java\jdk1.8.0_251\bin;C:\WINDOWS\system32;C:\WINDOWS;C:\WINDOWS\System32\Wbem;C:\WINDOWS\System32\WindowsPowerShell\v1.0\;C:\WINDOWS\system32\config\systemprofile\AppData\Local\Microsoft\WindowsApps;C:\Program Files (x86)\Adaptiva\AdaptivaClient\bin\x32;C:\Program Files (x86)\Adaptiva\AdaptivaClient\bin\x64;C:\Python27;C:\Python27\Scripts;C:\WINDOWS\System32\OpenSSH\;C:\HashiCorp\Vagrant\bin;C:\Program Files\Microsoft VS Code\bin;C:\Program Files\nodejs\;C:\Program Files\PuTTY\;C:\Go\bin;C:\WINDOWS\system32;C:\WINDOWS;C:\WINDOWS\System32\Wbem;C:\WINDOWS\System32\WindowsPowerShell\v1.0\;C:\WINDOWS\System32\OpenSSH\;C:\Python39\Scripts\;C:\Python39\;C:\Users\esanapa\AppData\Local\Microsoft\WindowsApps;C:\Program Files\Intel\WiFi\bin\;C:\Program Files\Common Files\Intel\WirelessCommon\;C:\Program Files\JetBrains\IntelliJ IDEA 2019.2.3\bin;;C:\Program Files\JetBrains\PyCharm Community Edition 2019.2.5\bin;;C:\Users\esanapa\AppData\Roaming\npm;C:\Users\esanapa\go\bin;;C:\SANAT\Learning\Robot_workspace\OpenEMRApplication\driver'.</msg>
<status status="PASS" starttime="20210326 10:06:32.173" endtime="20210326 10:06:32.174"></status>
</kw>
<kw name="Open Browser" library="SeleniumLibrary">
<doc>Opens a new browser instance to the optional ``url``.</doc>
<arguments>
<arg>browser=${BROWSER}</arg>
</arguments>
<msg timestamp="20210326 10:06:32.174" level="INFO">Opening browser 'ff' to base url 'None'.</msg>
<msg timestamp="20210326 10:06:32.176" level="INFO">Firefox driver log is always forced to to: C:\SANAT\Learning\Robot_workspace\OpenEMRApplication\geckodriver-1.log</msg>
<status status="PASS" starttime="20210326 10:06:32.174" endtime="20210326 10:06:40.152"></status>
</kw>
<kw name="Maximize Browser Window" library="SeleniumLibrary">
<doc>Maximizes current browser window.</doc>
<status status="PASS" starttime="20210326 10:06:40.152" endtime="20210326 10:06:40.157"></status>
</kw>
<kw name="Go To" library="SeleniumLibrary">
<doc>Navigates the current browser window to the provided ``url``.</doc>
<arguments>
<arg>url=${URL}</arg>
</arguments>
<msg timestamp="20210326 10:06:40.158" level="INFO">Opening url 'https://demo.openemr.io/b/openemr/interface/login/login.php?site=default'</msg>
<status status="PASS" starttime="20210326 10:06:40.157" endtime="20210326 10:06:44.458"></status>
</kw>
<kw name="Set Selenium Implicit Wait" library="SeleniumLibrary">
<doc>Sets the implicit wait value used by Selenium.</doc>
<arguments>
<arg>30s</arg>
</arguments>
<status status="PASS" starttime="20210326 10:06:44.459" endtime="20210326 10:06:44.487"></status>
</kw>
<status status="PASS" starttime="20210326 10:06:32.173" endtime="20210326 10:06:44.488"></status>
</kw>
<kw name="Input Text" library="SeleniumLibrary">
<doc>Types the given ``text`` into the text field identified by ``locator``.</doc>
<arguments>
<arg>xpath=//input[@id='authUser']</arg>
<arg>admin312</arg>
</arguments>
<msg timestamp="20210326 10:06:44.494" level="INFO">Typing text 'admin312' into text field 'xpath=//input[@id='authUser']'.</msg>
<status status="PASS" starttime="20210326 10:06:44.493" endtime="20210326 10:06:44.708"></status>
</kw>
<kw name="Input Password" library="SeleniumLibrary">
<doc>Types the given password into the text field identified by ``locator``.</doc>
<arguments>
<arg>id=clearPass</arg>
<arg>pass</arg>
</arguments>
<msg timestamp="20210326 10:06:44.713" level="INFO">Typing password into text field 'id=clearPass'.</msg>
<msg timestamp="20210326 10:06:44.763" level="INFO">Temporally setting log level to: NONE</msg>
<msg timestamp="20210326 10:06:44.825" level="INFO">Log level changed from NONE to INFO.</msg>
<status status="PASS" starttime="20210326 10:06:44.712" endtime="20210326 10:06:44.826"></status>
</kw>
<kw name="Select From List By Label" library="SeleniumLibrary">
<doc>Selects options from selection list ``locator`` by ``labels``.</doc>
<arguments>
<arg>name=languageChoice</arg>
<arg>English (Indian)</arg>
</arguments>
<msg timestamp="20210326 10:06:44.830" level="INFO">Selecting options from selection list 'name=languageChoice' by label English (Indian).</msg>
<status status="PASS" starttime="20210326 10:06:44.828" endtime="20210326 10:06:45.219"></status>
</kw>
<kw name="Click Element" library="SeleniumLibrary">
<doc>Click the element identified by ``locator``.</doc>
<arguments>
<arg>xpath=//button[@type='submit']</arg>
</arguments>
<msg timestamp="20210326 10:06:45.219" level="INFO">Clicking element 'xpath=//button[@type='submit']'.</msg>
<status status="PASS" starttime="20210326 10:06:45.219" endtime="20210326 10:06:46.671"></status>
</kw>
<kw name="Element Should Contain" library="SeleniumLibrary">
<doc>Verifies that element ``locator`` contains text ``expected``.</doc>
<arguments>
<arg>//div[@class='alert alert-danger login-failure m-1']</arg>
<arg>Invalid username or password</arg>
</arguments>
<msg timestamp="20210326 10:06:46.820" level="INFO">Element '//div[@class='alert alert-danger login-failure m-1']' contains text 'Invalid username or password'.</msg>
<status status="PASS" starttime="20210326 10:06:46.672" endtime="20210326 10:06:46.820"></status>
</kw>
<kw name="Capture Page Screenshot" library="SeleniumLibrary">
<doc>Takes a screenshot of the current page and embeds it into a log file.</doc>
<arguments>
<arg>Failed Login</arg>
</arguments>
<msg timestamp="20210326 10:06:47.162" level="INFO" html="yes">&lt;/td&gt;&lt;/tr&gt;&lt;tr&gt;&lt;td colspan="3"&gt;&lt;a href="screenshot/Failed%20Login"&gt;&lt;img src="screenshot/Failed%20Login" width="800px"&gt;&lt;/a&gt;</msg>
<msg timestamp="20210326 10:06:47.162" level="INFO">c:\python39\lib\site-packages\selenium\webdriver\remote\webdriver.py:1030: UserWarning: name used for saved screenshot does not match file type. It should end with a `.png` extension
  warnings.warn("name used for saved screenshot does not match file "</msg>
<status status="PASS" starttime="20210326 10:06:46.822" endtime="20210326 10:06:47.163"></status>
</kw>
<kw name="End_Browser" library="common_functionality" type="teardown">
<kw name="Close Browser" library="SeleniumLibrary">
<doc>Closes the current browser.</doc>
<status status="PASS" starttime="20210326 10:06:47.166" endtime="20210326 10:06:49.006"></status>
</kw>
<status status="PASS" starttime="20210326 10:06:47.165" endtime="20210326 10:06:49.007"></status>
</kw>
<status status="PASS" starttime="20210326 10:06:32.171" endtime="20210326 10:06:49.007" critical="yes"></status>
</test>
<doc>This file will test all the valid credential in
open emr site</doc>
<status status="PASS" starttime="20210326 10:06:31.785" endtime="20210326 10:06:49.008"></status>
</suite>
<statistics>
<total>
<stat pass="1" fail="0">Critical Tests</stat>
<stat pass="1" fail="0">All Tests</stat>
</total>
<tag>
</tag>
<suite>
<stat pass="1" fail="0" id="s1" name="Invalid Login Tests">Invalid Login Tests</stat>
</suite>
</statistics>
<errors>
</errors>
</robot>
